[0.008s] Invoking command in '/home/keikei/project_landing/plugin/build/plugin': /usr/bin/cmake /home/keikei/project_landing/plugin/src -DCMAKE_INSTALL_PREFIX=/home/keikei/project_landing/plugin/install
[0.076s] -- The C compiler identification is GNU 11.4.0
[0.128s] -- The CXX compiler identification is GNU 11.4.0
[0.134s] -- Detecting C compiler ABI info
[0.217s] -- Detecting C compiler ABI info - done
[0.229s] -- Check for working C compiler: /usr/bin/cc - skipped
[0.229s] -- Detecting C compile features
[0.230s] -- Detecting C compile features - done
[0.234s] -- Detecting CXX compiler ABI info
[0.341s] -- Detecting CXX compiler ABI info - done
[0.348s] -- Check for working CXX compiler: /usr/bin/c++ - skipped
[0.348s] -- Detecting CXX compile features
[0.349s] -- Detecting CXX compile features - done
[0.354s] -- Looking for gz-sim8 -- found version 8.5.0
[0.362s] -- Searching for dependencies of gz-sim8
[0.364s] -- Looking for sdformat14 -- found version 14.4.0
[0.364s] -- Searching for dependencies of sdformat14
[0.370s] -- Checking for module 'tinyxml2'
[0.392s] --   Found tinyxml2, version 9.0.0
[0.462s] -- Looking for gz-math7 -- found version 7.5.0
[0.463s] -- Searching for dependencies of gz-math7
[0.468s] -- Looking for gz-utils2 -- found version 2.2.0
[0.469s] -- Searching for dependencies of gz-utils2
[0.471s] -- Looking for gz-utils2 -- found version 2.2.0
[0.471s] -- Searching for dependencies of gz-utils2
[0.471s] -- Searching for <gz-utils2> component [cli]
[0.475s] -- Looking for gz-utils2-cli -- found version 2.2.0
[0.476s] -- Searching for dependencies of gz-utils2-cli
[0.481s] -- Looking for gz-plugin2 -- found version 2.0.3
[0.482s] -- Searching for dependencies of gz-plugin2
[0.483s] -- Looking for gz-utils2 -- found version 2.2.0
[0.484s] -- Searching for <gz-plugin2> component [loader]
[0.489s] -- Looking for gz-plugin2-loader -- found version 2.0.3
[0.491s] -- Searching for dependencies of gz-plugin2-loader
[0.491s] -- Searching for <gz-plugin2> component [register]
[0.498s] -- Looking for gz-plugin2-register -- found version 2.0.3
[0.499s] -- Searching for dependencies of gz-plugin2-register
[0.503s] -- Looking for gz-transport13 -- found version 13.4.0
[0.504s] -- Searching for dependencies of gz-transport13
[0.729s] -- Found Protobuf: /usr/lib/x86_64-linux-gnu/libprotobuf.so (found version "3.12.4") 
[0.739s] -- Config-file not installed for ZeroMQ -- checking for pkg-config
[0.743s] -- Checking for module 'libzmq >= 4'
[0.759s] --   Found libzmq , version 4.3.4
[0.809s] -- Found ZeroMQ: TRUE (Required is at least version "4") 
[0.818s] -- Checking for module 'uuid'
[0.841s] --   Found uuid, version 2.37.2
[0.894s] -- Found UUID: TRUE  
[0.894s] -- Looking for gz-utils2 -- found version 2.2.0
[0.899s] -- Looking for gz-msgs10 -- found version 10.3.0
[0.900s] -- Searching for dependencies of gz-msgs10
[0.918s] -- Looking for gz-utils2 -- found version 2.2.0
[0.919s] -- Looking for gz-math7 -- found version 7.5.0
[1.249s] -- Found Python3: /usr/bin/python3.10 (found version "3.10.12") found components: Interpreter 
[1.250s] -- Searching for <gz-transport13> component [log]
[1.253s] -- Looking for gz-transport13-log -- found version 13.4.0
[1.253s] -- Searching for dependencies of gz-transport13-log
[1.253s] -- Searching for <gz-transport13> component [parameters]
[1.256s] -- Looking for gz-transport13-parameters -- found version 13.4.0
[1.256s] -- Searching for dependencies of gz-transport13-parameters
[1.257s] -- Looking for gz-msgs10 -- found version 10.3.0
[1.260s] -- Looking for gz-common5 -- found version 5.6.0
[1.260s] -- Searching for dependencies of gz-common5
[1.261s] -- Looking for gz-utils2 -- found version 2.2.0
[1.261s] -- Looking for dlfcn.h - found
[1.262s] -- Looking for libdl - found
[1.263s] -- Found DL: TRUE  
[1.267s] -- Searching for <gz-common5> component [av]
[1.270s] -- Looking for gz-common5-av -- found version 5.6.0
[1.270s] -- Searching for dependencies of gz-common5-av
[1.275s] -- Checking for module 'libswscale'
[1.297s] --   Found libswscale, version 5.9.100
[1.351s] -- Found SWSCALE: TRUE  
[1.360s] -- Checking for module 'libavdevice >= 56.4.100'
[1.382s] --   Found libavdevice , version 58.13.100
[1.440s] -- Found AVDEVICE: TRUE (Required is at least version "56.4.100") 
[1.449s] -- Checking for module 'libavformat'
[1.472s] --   Found libavformat, version 58.76.100
[1.523s] -- Found AVFORMAT: TRUE  
[1.529s] -- Checking for module 'libavcodec'
[1.547s] --   Found libavcodec, version 58.134.100
[1.598s] -- Found AVCODEC: TRUE  
[1.604s] -- Checking for module 'libavutil'
[1.623s] --   Found libavutil, version 56.70.100
[1.677s] -- Found AVUTIL: TRUE  
[1.678s] -- Searching for <gz-common5> component [events]
[1.683s] -- Looking for gz-common5-events -- found version 5.6.0
[1.684s] -- Searching for dependencies of gz-common5-events
[1.684s] -- Looking for gz-math7 -- found version 7.5.0
[1.685s] -- Searching for <gz-common5> component [graphics]
[1.689s] -- Looking for gz-common5-graphics -- found version 5.6.0
[1.690s] -- Searching for dependencies of gz-common5-graphics
[1.690s] -- Looking for gz-math7 -- found version 7.5.0
[1.699s] -- Found GzAssimp: TRUE (found version "5.2.0") 
[1.699s] -- Searching for <gz-common5> component [io]
[1.703s] -- Looking for gz-common5-io -- found version 5.6.0
[1.704s] -- Searching for dependencies of gz-common5-io
[1.704s] -- Searching for <gz-common5> component [profiler]
[1.708s] -- Looking for gz-common5-profiler -- found version 5.6.0
[1.709s] -- Searching for dependencies of gz-common5-profiler
[1.713s] -- Looking for gz-fuel_tools9 -- found version 9.0.3
[1.714s] -- Searching for dependencies of gz-fuel_tools9
[1.835s] -- Found CURL: /usr/lib/x86_64-linux-gnu/libcurl.so (found version "7.81.0")  
[1.849s] -- Checking for module 'jsoncpp'
[1.866s] --   Found jsoncpp, version 1.9.5
[1.919s] -- Found JSONCPP: TRUE  
[1.932s] -- Checking for module 'libzip'
[1.954s] --   Found libzip, version 1.7.3
[2.007s] -- Found ZIP: TRUE  
[2.008s] -- Looking for gz-utils2 -- found version 2.2.0
[2.008s] -- Looking for gz-common5 -- found version 5.6.0
[2.009s] -- Searching for dependencies of gz-common5
[2.010s] -- Looking for gz-utils2 -- found version 2.2.0
[2.010s] -- Looking for dlfcn.h - found
[2.010s] -- Looking for libdl - found
[2.022s] -- Searching for <gz-common5> component [testing]
[2.027s] -- Looking for gz-common5-testing -- found version 5.6.0
[2.028s] -- Searching for dependencies of gz-common5-testing
[2.029s] -- Looking for gz-math7 -- found version 7.5.0
[2.029s] -- Looking for gz-msgs10 -- found version 10.3.0
[2.032s] -- Looking for gz-gui8 -- found version 8.3.0
[2.033s] -- Searching for dependencies of gz-gui8
[2.052s] -- Looking for gz-utils2 -- found version 2.2.0
[2.052s] -- Looking for gz-math7 -- found version 7.5.0
[2.052s] -- Looking for gz-common5 -- found version 5.6.0
[2.052s] -- Looking for gz-plugin2 -- found version 2.0.3
[2.053s] -- Looking for gz-transport13 -- found version 13.4.0
[2.055s] -- Looking for gz-rendering8 -- found version 8.2.0
[2.055s] -- Searching for dependencies of gz-rendering8
[2.055s] -- Looking for gz-math7 -- found version 7.5.0
[2.056s] -- Searching for dependencies of gz-math7
[2.056s] -- Looking for gz-utils2 -- found version 2.2.0
[2.056s] -- Searching for <gz-math7> component [eigen3]
[2.058s] -- Looking for gz-math7-eigen3 -- found version 7.5.0
[2.059s] -- Searching for dependencies of gz-math7-eigen3
[2.064s] -- Looking for gz-common5 -- found version 5.6.0
[2.065s] -- Searching for dependencies of gz-common5
[2.065s] -- Looking for gz-utils2 -- found version 2.2.0
[2.065s] -- Looking for dlfcn.h - found
[2.065s] -- Looking for libdl - found
[2.071s] -- Searching for <gz-common5> component [graphics]
[2.071s] -- Searching for <gz-common5> component [events]
[2.071s] -- Searching for <gz-common5> component [geospatial]
[2.074s] -- Looking for gz-common5-geospatial -- found version 5.6.0
[2.074s] -- Searching for dependencies of gz-common5-geospatial
[2.074s] -- Looking for gz-math7 -- found version 7.5.0
[2.075s] -- Looking for gz-common5 -- found version 5.6.0
[2.075s] -- Looking for gz-plugin2 -- found version 2.0.3
[2.076s] -- Searching for dependencies of gz-plugin2
[2.076s] -- Looking for gz-utils2 -- found version 2.2.0
[2.076s] -- Searching for <gz-plugin2> component [all]
[2.078s] -- Looking for all libraries of gz-plugin2 -- found version 2.0.3
[2.078s] -- Looking for gz-plugin2 -- found version 2.0.3
[2.079s] -- Looking for gz-utils2 -- found version 2.2.0
[2.083s] -- Found OpenGL: /usr/lib/x86_64-linux-gnu/libOpenGL.so  found components: OpenGL 
[2.084s] -- Looking for gz-msgs10 -- found version 10.3.0
[2.099s] -- Looking for gz-physics7 -- found version 7.3.0
[2.100s] -- Searching for dependencies of gz-physics7
[2.100s] -- Looking for gz-common5 -- found version 5.6.0
[2.100s] -- Looking for gz-math7 -- found version 7.5.0
[2.100s] -- Looking for gz-plugin2 -- found version 2.0.3
[2.101s] -- Looking for gz-utils2 -- found version 2.2.0
[2.101s] -- Searching for <gz-physics7> component [heightmap]
[2.103s] -- Looking for gz-physics7-heightmap -- found version 7.3.0
[2.104s] -- Searching for dependencies of gz-physics7-heightmap
[2.104s] -- Looking for gz-common5 -- found version 5.6.0
[2.104s] -- Searching for <gz-physics7> component [mesh]
[2.106s] -- Looking for gz-physics7-mesh -- found version 7.3.0
[2.107s] -- Searching for dependencies of gz-physics7-mesh
[2.107s] -- Looking for gz-common5 -- found version 5.6.0
[2.107s] -- Searching for <gz-physics7> component [sdf]
[2.110s] -- Looking for gz-physics7-sdf -- found version 7.3.0
[2.110s] -- Searching for dependencies of gz-physics7-sdf
[2.110s] -- Looking for sdformat14 -- found version 14.4.0
[2.113s] -- Looking for gz-sensors8 -- found version 8.2.0
[2.113s] -- Searching for dependencies of gz-sensors8
[2.128s] -- Looking for gz-math7 -- found version 7.5.0
[2.128s] -- Looking for gz-common5 -- found version 5.6.0
[2.128s] -- Looking for gz-transport13 -- found version 13.4.0
[2.129s] -- Looking for gz-rendering8 -- found version 8.2.0
[2.129s] -- Looking for gz-msgs10 -- found version 10.3.0
[2.129s] -- Looking for sdformat14 -- found version 14.4.0
[2.130s] -- Searching for <gz-sensors8> component [air_pressure]
[2.132s] -- Looking for gz-sensors8-air_pressure -- found version 8.2.0
[2.133s] -- Searching for dependencies of gz-sensors8-air_pressure
[2.133s] -- Searching for <gz-sensors8> component [air_speed]
[2.135s] -- Looking for gz-sensors8-air_speed -- found version 8.2.0
[2.136s] -- Searching for dependencies of gz-sensors8-air_speed
[2.136s] -- Searching for <gz-sensors8> component [altimeter]
[2.139s] -- Looking for gz-sensors8-altimeter -- found version 8.2.0
[2.140s] -- Searching for dependencies of gz-sensors8-altimeter
[2.141s] -- Searching for <gz-sensors8> component [imu]
[2.145s] -- Looking for gz-sensors8-imu -- found version 8.2.0
[2.145s] -- Searching for dependencies of gz-sensors8-imu
[2.146s] -- Searching for <gz-sensors8> component [force_torque]
[2.150s] -- Looking for gz-sensors8-force_torque -- found version 8.2.0
[2.151s] -- Searching for dependencies of gz-sensors8-force_torque
[2.151s] -- Searching for <gz-sensors8> component [logical_camera]
[2.155s] -- Looking for gz-sensors8-logical_camera -- found version 8.2.0
[2.156s] -- Searching for dependencies of gz-sensors8-logical_camera
[2.156s] -- Searching for <gz-sensors8> component [magnetometer]
[2.161s] -- Looking for gz-sensors8-magnetometer -- found version 8.2.0
[2.161s] -- Searching for dependencies of gz-sensors8-magnetometer
[2.161s] -- Searching for <gz-sensors8> component [navsat]
[2.164s] -- Looking for gz-sensors8-navsat -- found version 8.2.0
[2.164s] -- Searching for dependencies of gz-sensors8-navsat
[2.165s] -- Searching for <gz-sensors8> component [dvl]
[2.167s] -- Looking for gz-sensors8-dvl -- found version 8.2.0
[2.167s] -- Searching for dependencies of gz-sensors8-dvl
[2.167s] -- Looking for gz-sensors8 -- found version 8.2.0
[2.168s] -- Searching for dependencies of gz-sensors8
[2.183s] -- Looking for gz-math7 -- found version 7.5.0
[2.183s] -- Looking for gz-common5 -- found version 5.6.0
[2.183s] -- Looking for gz-transport13 -- found version 13.4.0
[2.184s] -- Looking for gz-rendering8 -- found version 8.2.0
[2.184s] -- Looking for gz-msgs10 -- found version 10.3.0
[2.184s] -- Looking for sdformat14 -- found version 14.4.0
[2.184s] -- Searching for <gz-sensors8> component [rendering]
[2.186s] -- Looking for gz-sensors8-rendering -- found version 8.2.0
[2.187s] -- Searching for dependencies of gz-sensors8-rendering
[2.187s] -- Searching for <gz-sensors8> component [rendering]
[2.188s] -- Searching for <gz-sensors8> component [lidar]
[2.190s] -- Looking for gz-sensors8-lidar -- found version 8.2.0
[2.190s] -- Searching for dependencies of gz-sensors8-lidar
[2.190s] -- Looking for gz-sensors8 -- found version 8.2.0
[2.191s] -- Searching for <gz-sensors8> component [gpu_lidar]
[2.194s] -- Looking for gz-sensors8-gpu_lidar -- found version 8.2.0
[2.194s] -- Searching for dependencies of gz-sensors8-gpu_lidar
[2.195s] -- Looking for gz-sensors8 -- found version 8.2.0
[2.195s] -- Searching for <gz-sensors8> component [camera]
[2.197s] -- Looking for gz-sensors8-camera -- found version 8.2.0
[2.198s] -- Searching for dependencies of gz-sensors8-camera
[2.198s] -- Looking for gz-sensors8 -- found version 8.2.0
[2.198s] -- Searching for <gz-sensors8> component [boundingbox_camera]
[2.200s] -- Looking for gz-sensors8-boundingbox_camera -- found version 8.2.0
[2.201s] -- Searching for dependencies of gz-sensors8-boundingbox_camera
[2.201s] -- Searching for <gz-sensors8> component [segmentation_camera]
[2.204s] -- Looking for gz-sensors8-segmentation_camera -- found version 8.2.0
[2.204s] -- Searching for dependencies of gz-sensors8-segmentation_camera
[2.204s] -- Searching for <gz-sensors8> component [depth_camera]
[2.206s] -- Looking for gz-sensors8-depth_camera -- found version 8.2.0
[2.207s] -- Searching for dependencies of gz-sensors8-depth_camera
[2.207s] -- Looking for gz-sensors8 -- found version 8.2.0
[2.208s] -- Searching for <gz-sensors8> component [rgbd_camera]
[2.210s] -- Looking for gz-sensors8-rgbd_camera -- found version 8.2.0
[2.211s] -- Searching for dependencies of gz-sensors8-rgbd_camera
[2.211s] -- Looking for gz-sensors8 -- found version 8.2.0
[2.211s] -- Searching for <gz-sensors8> component [thermal_camera]
[2.214s] -- Looking for gz-sensors8-thermal_camera -- found version 8.2.0
[2.214s] -- Searching for dependencies of gz-sensors8-thermal_camera
[2.214s] -- Looking for gz-sensors8 -- found version 8.2.0
[2.215s] -- Searching for <gz-sensors8> component [wide_angle_camera]
[2.217s] -- Looking for gz-sensors8-wide_angle_camera -- found version 8.2.0
[2.217s] -- Searching for dependencies of gz-sensors8-wide_angle_camera
[2.218s] -- Looking for gz-rendering8 -- found version 8.2.0
[2.218s] -- Looking for gz-math7 -- found version 7.5.0
[2.218s] -- Looking for gz-utils2 -- found version 2.2.0
[2.234s] -- Looking for gz-common5 -- found version 5.6.0
[2.234s] -- Looking for gz-math7 -- found version 7.5.0
[2.234s] -- Looking for gz-msgs10 -- found version 10.3.0
[2.235s] -- Looking for gz-transport13 -- found version 13.4.0
[2.235s] -- Looking for gz-plugin2 -- found version 2.0.3
[2.235s] -- Looking for gz-rendering8 -- found version 8.2.0
[2.235s] -- Looking for gz-sensors8 -- found version 8.2.0
[2.236s] -- Looking for gz-utils2 -- found version 2.2.0
[2.236s] -- Looking for sdformat14 -- found version 14.4.0
[2.237s] -- Configuring done
[2.249s] -- Generating done
[2.250s] -- Build files have been written to: /home/keikei/project_landing/plugin/build/plugin
[2.257s] Invoked command in '/home/keikei/project_landing/plugin/build/plugin' returned '0': /usr/bin/cmake /home/keikei/project_landing/plugin/src -DCMAKE_INSTALL_PREFIX=/home/keikei/project_landing/plugin/install
[2.259s] Invoking command in '/home/keikei/project_landing/plugin/build/plugin': /usr/bin/cmake --build /home/keikei/project_landing/plugin/build/plugin
[2.332s] [ 12%] [32mBuilding CXX object CMakeFiles/Waves.dir/maritime/Wavefield.cc.o[0m
[4.777s] [ 25%] [32m[1mLinking CXX shared library libWaves.so[0m
[4.928s] [ 25%] Built target Waves
[4.950s] [ 37%] [32mBuilding CXX object CMakeFiles/PublisherPlugin.dir/maritime/PublisherPlugin.cc.o[0m
[7.278s] [ 50%] [32m[1mLinking CXX shared library libPublisherPlugin.so[0m
[7.425s] [ 50%] Built target PublisherPlugin
[7.447s] [ 62%] [32mBuilding CXX object CMakeFiles/Surface.dir/maritime/Surface.cc.o[0m
[10.538s] [ 75%] [32m[1mLinking CXX shared library libSurface.so[0m
[10.726s] [ 75%] Built target Surface
[10.757s] [ 87%] [32mBuilding CXX object CMakeFiles/WaveVisual.dir/maritime/WaveVisual.cc.o[0m
[14.962s] [100%] [32m[1mLinking CXX shared library libWaveVisual.so[0m
[15.246s] [100%] Built target WaveVisual
[15.257s] Invoked command in '/home/keikei/project_landing/plugin/build/plugin' returned '0': /usr/bin/cmake --build /home/keikei/project_landing/plugin/build/plugin
[15.325s] Invoking command in '/home/keikei/project_landing/plugin/build/plugin': /usr/bin/cmake --install /home/keikei/project_landing/plugin/build/plugin
[15.335s] -- Install configuration: ""
[15.336s] -- Installing: /home/keikei/project_landing/plugin/install/lib/libWaves.so
[15.336s] -- Installing: /home/keikei/project_landing/plugin/install/lib/libPublisherPlugin.so
[15.338s] -- Set runtime path of "/home/keikei/project_landing/plugin/install/lib/libPublisherPlugin.so" to ""
[15.338s] -- Installing: /home/keikei/project_landing/plugin/install/lib/libSurface.so
[15.339s] -- Set runtime path of "/home/keikei/project_landing/plugin/install/lib/libSurface.so" to ""
[15.339s] -- Installing: /home/keikei/project_landing/plugin/install/lib/libWaveVisual.so
[15.341s] -- Set runtime path of "/home/keikei/project_landing/plugin/install/lib/libWaveVisual.so" to ""
[15.341s] [31mCMake Error at cmake_install.cmake:134 (file):
[15.341s]   file INSTALL cannot find "/home/keikei/project_landing/plugin/src/models":
[15.341s]   No such file or directory.
[15.341s] 
[15.341s] [0m
[15.343s] Invoked command in '/home/keikei/project_landing/plugin/build/plugin' returned '1': /usr/bin/cmake --install /home/keikei/project_landing/plugin/build/plugin
