[0.073s] DEBUG:colcon:Command line arguments: ['/usr/bin/colcon', 'build', '--merge-install']
[0.073s] DEBUG:colcon:Parsed command line arguments: Namespace(log_base=None, log_level=None, verb_name='build', build_base='build', install_base='install', merge_install=True, symlink_install=False, test_result_base=None, continue_on_error=False, executor='parallel', parallel_workers=16, event_handlers=None, ignore_user_meta=False, metas=['./colcon.meta'], base_paths=['.'], packages_ignore=None, packages_ignore_regex=None, paths=None, packages_up_to=None, packages_up_to_regex=None, packages_above=None, packages_above_and_dependencies=None, packages_above_depth=None, packages_select_by_dep=None, packages_skip_by_dep=None, packages_skip_up_to=None, packages_select_build_failed=False, packages_skip_build_finished=False, packages_select_test_failures=False, packages_skip_test_passed=False, packages_select=None, packages_skip=None, packages_select_regex=None, packages_skip_regex=None, packages_start=None, packages_end=None, allow_overriding=[], cmake_args=None, cmake_target=None, cmake_target_skip_unavailable=False, cmake_clean_cache=False, cmake_clean_first=False, cmake_force_configure=False, ament_cmake_args=None, catkin_cmake_args=None, catkin_skip_building_tests=False, verb_parser=<colcon_defaults.argument_parser.defaults.DefaultArgumentsDecorator object at 0x7af5a4fb3370>, verb_extension=<colcon_core.verb.build.BuildVerb object at 0x7af5a4fb2f20>, main=<bound method BuildVerb.main of <colcon_core.verb.build.BuildVerb object at 0x7af5a4fb2f20>>)
[0.100s] Level 1:colcon.colcon_core.package_discovery:discover_packages(colcon_meta) check parameters
[0.100s] Level 1:colcon.colcon_core.package_discovery:discover_packages(recursive) check parameters
[0.100s] Level 1:colcon.colcon_core.package_discovery:discover_packages(ignore) check parameters
[0.100s] Level 1:colcon.colcon_core.package_discovery:discover_packages(path) check parameters
[0.100s] Level 1:colcon.colcon_core.package_discovery:discover_packages(colcon_meta) discover
[0.100s] Level 1:colcon.colcon_core.package_discovery:discover_packages(recursive) discover
[0.100s] INFO:colcon.colcon_core.package_discovery:Crawling recursively for packages in '/home/keikei/project_landing/plugin'
[0.104s] Level 1:colcon.colcon_core.package_identification:_identify(.) by extensions ['ignore', 'ignore_ament_install']
[0.104s] Level 1:colcon.colcon_core.package_identification:_identify(.) by extension 'ignore'
[0.104s] Level 1:colcon.colcon_core.package_identification:_identify(.) by extension 'ignore_ament_install'
[0.104s] Level 1:colcon.colcon_core.package_identification:_identify(.) by extensions ['colcon_pkg']
[0.104s] Level 1:colcon.colcon_core.package_identification:_identify(.) by extension 'colcon_pkg'
[0.104s] Level 1:colcon.colcon_core.package_identification:_identify(.) by extensions ['colcon_meta']
[0.104s] Level 1:colcon.colcon_core.package_identification:_identify(.) by extension 'colcon_meta'
[0.104s] Level 1:colcon.colcon_core.package_identification:_identify(.) by extensions ['ros']
[0.104s] Level 1:colcon.colcon_core.package_identification:_identify(.) by extension 'ros'
[0.115s] Level 1:colcon.colcon_core.package_identification:_identify(.) by extensions ['cmake', 'python']
[0.115s] Level 1:colcon.colcon_core.package_identification:_identify(.) by extension 'cmake'
[0.115s] Level 1:colcon.colcon_core.package_identification:_identify(.) by extension 'python'
[0.115s] Level 1:colcon.colcon_core.package_identification:_identify(.) by extensions ['python_setup_py']
[0.115s] Level 1:colcon.colcon_core.package_identification:_identify(.) by extension 'python_setup_py'
[0.115s] Level 1:colcon.colcon_core.package_identification:_identify(build) by extensions ['ignore', 'ignore_ament_install']
[0.115s] Level 1:colcon.colcon_core.package_identification:_identify(build) by extension 'ignore'
[0.115s] Level 1:colcon.colcon_core.package_identification:_identify(build) ignored
[0.115s] Level 1:colcon.colcon_core.package_identification:_identify(install) by extensions ['ignore', 'ignore_ament_install']
[0.115s] Level 1:colcon.colcon_core.package_identification:_identify(install) by extension 'ignore'
[0.115s] Level 1:colcon.colcon_core.package_identification:_identify(install) ignored
[0.115s] Level 1:colcon.colcon_core.package_identification:_identify(log) by extensions ['ignore', 'ignore_ament_install']
[0.115s] Level 1:colcon.colcon_core.package_identification:_identify(log) by extension 'ignore'
[0.115s] Level 1:colcon.colcon_core.package_identification:_identify(log) ignored
[0.115s] Level 1:colcon.colcon_core.package_identification:_identify(src) by extensions ['ignore', 'ignore_ament_install']
[0.115s] Level 1:colcon.colcon_core.package_identification:_identify(src) by extension 'ignore'
[0.115s] Level 1:colcon.colcon_core.package_identification:_identify(src) by extension 'ignore_ament_install'
[0.115s] Level 1:colcon.colcon_core.package_identification:_identify(src) by extensions ['colcon_pkg']
[0.115s] Level 1:colcon.colcon_core.package_identification:_identify(src) by extension 'colcon_pkg'
[0.115s] Level 1:colcon.colcon_core.package_identification:_identify(src) by extensions ['colcon_meta']
[0.115s] Level 1:colcon.colcon_core.package_identification:_identify(src) by extension 'colcon_meta'
[0.115s] Level 1:colcon.colcon_core.package_identification:_identify(src) by extensions ['ros']
[0.115s] Level 1:colcon.colcon_core.package_identification:_identify(src) by extension 'ros'
[0.115s] Level 1:colcon.colcon_core.package_identification:_identify(src) by extensions ['cmake', 'python']
[0.115s] Level 1:colcon.colcon_core.package_identification:_identify(src) by extension 'cmake'
[0.116s] Level 1:colcon.colcon_core.package_identification:_identify(src) by extension 'python'
[0.116s] DEBUG:colcon.colcon_core.package_identification:Package 'src' with type 'cmake' and name 'plugin'
[0.116s] Level 1:colcon.colcon_core.package_discovery:discover_packages(recursive) using defaults
[0.116s] Level 1:colcon.colcon_core.package_discovery:discover_packages(ignore) discover
[0.116s] Level 1:colcon.colcon_core.package_discovery:discover_packages(ignore) using defaults
[0.116s] Level 1:colcon.colcon_core.package_discovery:discover_packages(path) discover
[0.116s] Level 1:colcon.colcon_core.package_discovery:discover_packages(path) using defaults
[0.131s] Level 1:colcon.colcon_core.package_discovery:discover_packages(prefix_path) check parameters
[0.131s] Level 1:colcon.colcon_core.package_discovery:discover_packages(prefix_path) discover
[0.133s] DEBUG:colcon.colcon_installed_package_information.package_discovery:Found 28 installed packages in /home/keikei/aerostack2_ws/install
[0.133s] DEBUG:colcon.colcon_installed_package_information.package_discovery:Found 303 installed packages in /opt/ros/humble
[0.134s] Level 1:colcon.colcon_core.package_discovery:discover_packages(prefix_path) using defaults
[0.161s] Level 5:colcon.colcon_core.verb:set package 'plugin' build argument 'cmake_args' from command line to 'None'
[0.161s] Level 5:colcon.colcon_core.verb:set package 'plugin' build argument 'cmake_target' from command line to 'None'
[0.161s] Level 5:colcon.colcon_core.verb:set package 'plugin' build argument 'cmake_target_skip_unavailable' from command line to 'False'
[0.161s] Level 5:colcon.colcon_core.verb:set package 'plugin' build argument 'cmake_clean_cache' from command line to 'False'
[0.161s] Level 5:colcon.colcon_core.verb:set package 'plugin' build argument 'cmake_clean_first' from command line to 'False'
[0.161s] Level 5:colcon.colcon_core.verb:set package 'plugin' build argument 'cmake_force_configure' from command line to 'False'
[0.161s] Level 5:colcon.colcon_core.verb:set package 'plugin' build argument 'ament_cmake_args' from command line to 'None'
[0.161s] Level 5:colcon.colcon_core.verb:set package 'plugin' build argument 'catkin_cmake_args' from command line to 'None'
[0.161s] Level 5:colcon.colcon_core.verb:set package 'plugin' build argument 'catkin_skip_building_tests' from command line to 'False'
[0.161s] DEBUG:colcon.colcon_core.verb:Building package 'plugin' with the following arguments: {'ament_cmake_args': None, 'build_base': '/home/keikei/project_landing/plugin/build/plugin', 'catkin_cmake_args': None, 'catkin_skip_building_tests': False, 'cmake_args': None, 'cmake_clean_cache': False, 'cmake_clean_first': False, 'cmake_force_configure': False, 'cmake_target': None, 'cmake_target_skip_unavailable': False, 'install_base': '/home/keikei/project_landing/plugin/install', 'merge_install': True, 'path': '/home/keikei/project_landing/plugin/src', 'symlink_install': False, 'test_result_base': None}
[0.161s] INFO:colcon.colcon_core.executor:Executing jobs using 'parallel' executor
[0.162s] DEBUG:colcon.colcon_parallel_executor.executor.parallel:run_until_complete
[0.162s] INFO:colcon.colcon_cmake.task.cmake.build:Building CMake package in '/home/keikei/project_landing/plugin/src'
[0.163s] INFO:colcon.colcon_core.plugin_system:Skipping extension 'colcon_core.shell.bat': Not used on non-Windows systems
[0.163s] INFO:colcon.colcon_core.shell:Skip shell extension 'powershell' for command environment: Not usable outside of PowerShell
[0.163s] DEBUG:colcon.colcon_core.shell:Skip shell extension 'dsv' for command environment
[0.170s] DEBUG:colcon.colcon_core.event_handler.log_command:Invoking command in '/home/keikei/project_landing/plugin/build/plugin': /usr/bin/cmake /home/keikei/project_landing/plugin/src -DCMAKE_INSTALL_PREFIX=/home/keikei/project_landing/plugin/install
[2.419s] DEBUG:colcon.colcon_core.event_handler.log_command:Invoked command in '/home/keikei/project_landing/plugin/build/plugin' returned '0': /usr/bin/cmake /home/keikei/project_landing/plugin/src -DCMAKE_INSTALL_PREFIX=/home/keikei/project_landing/plugin/install
[2.421s] DEBUG:colcon.colcon_core.event_handler.log_command:Invoking command in '/home/keikei/project_landing/plugin/build/plugin': /usr/bin/cmake --build /home/keikei/project_landing/plugin/build/plugin
[15.419s] DEBUG:colcon.colcon_core.event_handler.log_command:Invoked command in '/home/keikei/project_landing/plugin/build/plugin' returned '0': /usr/bin/cmake --build /home/keikei/project_landing/plugin/build/plugin
[15.487s] DEBUG:colcon.colcon_core.event_handler.log_command:Invoking command in '/home/keikei/project_landing/plugin/build/plugin': /usr/bin/cmake --install /home/keikei/project_landing/plugin/build/plugin
[15.505s] DEBUG:colcon.colcon_core.event_handler.log_command:Invoked command in '/home/keikei/project_landing/plugin/build/plugin' returned '1': /usr/bin/cmake --install /home/keikei/project_landing/plugin/build/plugin
[15.515s] DEBUG:colcon.colcon_parallel_executor.executor.parallel:closing loop
[15.515s] DEBUG:colcon.colcon_parallel_executor.executor.parallel:loop closed
[15.515s] DEBUG:colcon.colcon_parallel_executor.executor.parallel:run_until_complete finished with '1'
[15.515s] DEBUG:colcon.colcon_core.event_reactor:joining thread
[15.526s] INFO:colcon.colcon_core.plugin_system:Skipping extension 'colcon_notification.desktop_notification.terminal_notifier': Not used on non-Darwin systems
[15.526s] INFO:colcon.colcon_core.plugin_system:Skipping extension 'colcon_notification.desktop_notification.win32': Not used on non-Windows systems
[15.526s] INFO:colcon.colcon_notification.desktop_notification:Sending desktop notification using 'notify2'
[15.545s] DEBUG:colcon.colcon_core.event_reactor:joined thread
[15.546s] INFO:colcon.colcon_core.shell:Creating prefix script '/home/keikei/project_landing/plugin/install/local_setup.ps1'
[15.547s] INFO:colcon.colcon_core.shell:Creating prefix util module '/home/keikei/project_landing/plugin/install/_local_setup_util_ps1.py'
[15.549s] INFO:colcon.colcon_core.shell:Creating prefix chain script '/home/keikei/project_landing/plugin/install/setup.ps1'
[15.551s] INFO:colcon.colcon_core.shell:Creating prefix script '/home/keikei/project_landing/plugin/install/local_setup.sh'
[15.552s] INFO:colcon.colcon_core.shell:Creating prefix util module '/home/keikei/project_landing/plugin/install/_local_setup_util_sh.py'
[15.553s] INFO:colcon.colcon_core.shell:Creating prefix chain script '/home/keikei/project_landing/plugin/install/setup.sh'
[15.557s] INFO:colcon.colcon_core.shell:Creating prefix script '/home/keikei/project_landing/plugin/install/local_setup.bash'
[15.557s] INFO:colcon.colcon_core.shell:Creating prefix chain script '/home/keikei/project_landing/plugin/install/setup.bash'
[15.559s] INFO:colcon.colcon_core.shell:Creating prefix script '/home/keikei/project_landing/plugin/install/local_setup.zsh'
[15.560s] INFO:colcon.colcon_core.shell:Creating prefix chain script '/home/keikei/project_landing/plugin/install/setup.zsh'
