[0.010s] Invoking command in '/home/keikei/project_landing/plugin/build/plugin': /usr/bin/cmake --build /home/keikei/project_landing/plugin/build/plugin
[0.043s] -- Looking for gz-sim8 -- found version 8.5.0
[0.049s] -- Searching for dependencies of gz-sim8
[0.049s] -- Looking for sdformat14 -- found version 14.4.0
[0.049s] -- Searching for dependencies of sdformat14
[0.053s] -- Checking for module 'tinyxml2'
[0.070s] --   Found tinyxml2, version 9.0.0
[0.116s] -- Looking for gz-math7 -- found version 7.5.0
[0.116s] -- Searching for dependencies of gz-math7
[0.117s] -- Looking for gz-utils2 -- found version 2.2.0
[0.117s] -- Searching for dependencies of gz-utils2
[0.119s] -- Looking for gz-utils2 -- found version 2.2.0
[0.120s] -- Searching for dependencies of gz-utils2
[0.120s] -- Searching for <gz-utils2> component [cli]
[0.121s] -- Looking for gz-utils2-cli -- found version 2.2.0
[0.122s] -- Searching for dependencies of gz-utils2-cli
[0.124s] -- Looking for gz-plugin2 -- found version 2.0.3
[0.125s] -- Searching for dependencies of gz-plugin2
[0.126s] -- Looking for gz-utils2 -- found version 2.2.0
[0.126s] -- Searching for <gz-plugin2> component [loader]
[0.127s] -- Looking for gz-plugin2-loader -- found version 2.0.3
[0.127s] -- Searching for dependencies of gz-plugin2-loader
[0.128s] -- Searching for <gz-plugin2> component [register]
[0.128s] -- Looking for gz-plugin2-register -- found version 2.0.3
[0.129s] -- Searching for dependencies of gz-plugin2-register
[0.130s] -- Looking for gz-transport13 -- found version 13.4.0
[0.130s] -- Searching for dependencies of gz-transport13
[0.172s] -- Config-file not installed for ZeroMQ -- checking for pkg-config
[0.177s] -- Checking for module 'libzmq >= 4'
[0.195s] --   Found libzmq , version 4.3.4
[0.258s] -- Checking for module 'uuid'
[0.279s] --   Found uuid, version 2.37.2
[0.329s] -- Looking for gz-utils2 -- found version 2.2.0
[0.330s] -- Looking for gz-msgs10 -- found version 10.3.0
[0.330s] -- Searching for dependencies of gz-msgs10
[0.358s] -- Looking for gz-utils2 -- found version 2.2.0
[0.358s] -- Looking for gz-math7 -- found version 7.5.0
[0.441s] -- Searching for <gz-transport13> component [log]
[0.441s] -- Looking for gz-transport13-log -- found version 13.4.0
[0.441s] -- Searching for dependencies of gz-transport13-log
[0.442s] -- Searching for <gz-transport13> component [parameters]
[0.442s] -- Looking for gz-transport13-parameters -- found version 13.4.0
[0.443s] -- Searching for dependencies of gz-transport13-parameters
[0.443s] -- Looking for gz-msgs10 -- found version 10.3.0
[0.444s] -- Looking for gz-common5 -- found version 5.6.0
[0.444s] -- Searching for dependencies of gz-common5
[0.444s] -- Looking for gz-utils2 -- found version 2.2.0
[0.445s] -- Looking for dlfcn.h - found
[0.445s] -- Looking for libdl - found
[0.454s] -- Searching for <gz-common5> component [av]
[0.455s] -- Looking for gz-common5-av -- found version 5.6.0
[0.456s] -- Searching for dependencies of gz-common5-av
[0.463s] -- Checking for module 'libswscale'
[0.484s] --   Found libswscale, version 5.9.100
[0.545s] -- Checking for module 'libavdevice >= 56.4.100'
[0.567s] --   Found libavdevice , version 58.13.100
[0.633s] -- Checking for module 'libavformat'
[0.655s] --   Found libavformat, version 58.76.100
[0.715s] -- Checking for module 'libavcodec'
[0.731s] --   Found libavcodec, version 58.134.100
[0.789s] -- Checking for module 'libavutil'
[0.811s] --   Found libavutil, version 56.70.100
[0.863s] -- Searching for <gz-common5> component [events]
[0.864s] -- Looking for gz-common5-events -- found version 5.6.0
[0.864s] -- Searching for dependencies of gz-common5-events
[0.865s] -- Looking for gz-math7 -- found version 7.5.0
[0.866s] -- Searching for <gz-common5> component [graphics]
[0.867s] -- Looking for gz-common5-graphics -- found version 5.6.0
[0.867s] -- Searching for dependencies of gz-common5-graphics
[0.868s] -- Looking for gz-math7 -- found version 7.5.0
[0.872s] -- Searching for <gz-common5> component [io]
[0.873s] -- Looking for gz-common5-io -- found version 5.6.0
[0.874s] -- Searching for dependencies of gz-common5-io
[0.874s] -- Searching for <gz-common5> component [profiler]
[0.875s] -- Looking for gz-common5-profiler -- found version 5.6.0
[0.876s] -- Searching for dependencies of gz-common5-profiler
[0.877s] -- Looking for gz-fuel_tools9 -- found version 9.0.3
[0.878s] -- Searching for dependencies of gz-fuel_tools9
[0.922s] -- Checking for module 'jsoncpp'
[0.936s] --   Found jsoncpp, version 1.9.5
[0.997s] -- Checking for module 'libzip'
[1.018s] --   Found libzip, version 1.7.3
[1.070s] -- Looking for gz-utils2 -- found version 2.2.0
[1.070s] -- Looking for gz-common5 -- found version 5.6.0
[1.072s] -- Searching for dependencies of gz-common5
[1.072s] -- Looking for gz-utils2 -- found version 2.2.0
[1.073s] -- Looking for dlfcn.h - found
[1.073s] -- Looking for libdl - found
[1.086s] -- Searching for <gz-common5> component [testing]
[1.087s] -- Looking for gz-common5-testing -- found version 5.6.0
[1.088s] -- Searching for dependencies of gz-common5-testing
[1.090s] -- Looking for gz-math7 -- found version 7.5.0
[1.090s] -- Looking for gz-msgs10 -- found version 10.3.0
[1.092s] -- Looking for gz-gui8 -- found version 8.3.0
[1.093s] -- Searching for dependencies of gz-gui8
[1.118s] -- Looking for gz-utils2 -- found version 2.2.0
[1.118s] -- Looking for gz-math7 -- found version 7.5.0
[1.119s] -- Looking for gz-common5 -- found version 5.6.0
[1.119s] -- Looking for gz-plugin2 -- found version 2.0.3
[1.119s] -- Looking for gz-transport13 -- found version 13.4.0
[1.120s] -- Looking for gz-rendering8 -- found version 8.2.0
[1.120s] -- Searching for dependencies of gz-rendering8
[1.120s] -- Looking for gz-math7 -- found version 7.5.0
[1.121s] -- Searching for dependencies of gz-math7
[1.121s] -- Looking for gz-utils2 -- found version 2.2.0
[1.121s] -- Searching for <gz-math7> component [eigen3]
[1.122s] -- Looking for gz-math7-eigen3 -- found version 7.5.0
[1.122s] -- Searching for dependencies of gz-math7-eigen3
[1.123s] -- Looking for gz-common5 -- found version 5.6.0
[1.123s] -- Searching for dependencies of gz-common5
[1.123s] -- Looking for gz-utils2 -- found version 2.2.0
[1.123s] -- Looking for dlfcn.h - found
[1.123s] -- Looking for libdl - found
[1.130s] -- Searching for <gz-common5> component [graphics]
[1.130s] -- Searching for <gz-common5> component [events]
[1.131s] -- Searching for <gz-common5> component [geospatial]
[1.131s] -- Looking for gz-common5-geospatial -- found version 5.6.0
[1.132s] -- Searching for dependencies of gz-common5-geospatial
[1.132s] -- Looking for gz-math7 -- found version 7.5.0
[1.133s] -- Looking for gz-common5 -- found version 5.6.0
[1.134s] -- Looking for gz-plugin2 -- found version 2.0.3
[1.134s] -- Searching for dependencies of gz-plugin2
[1.135s] -- Looking for gz-utils2 -- found version 2.2.0
[1.135s] -- Searching for <gz-plugin2> component [all]
[1.135s] -- Looking for all libraries of gz-plugin2 -- found version 2.0.3
[1.136s] -- Looking for gz-plugin2 -- found version 2.0.3
[1.140s] -- Looking for gz-utils2 -- found version 2.2.0
[1.143s] -- Looking for gz-msgs10 -- found version 10.3.0
[1.153s] -- Looking for gz-physics7 -- found version 7.3.0
[1.154s] -- Searching for dependencies of gz-physics7
[1.154s] -- Looking for gz-common5 -- found version 5.6.0
[1.154s] -- Looking for gz-math7 -- found version 7.5.0
[1.155s] -- Looking for gz-plugin2 -- found version 2.0.3
[1.155s] -- Looking for gz-utils2 -- found version 2.2.0
[1.156s] -- Searching for <gz-physics7> component [heightmap]
[1.156s] -- Looking for gz-physics7-heightmap -- found version 7.3.0
[1.156s] -- Searching for dependencies of gz-physics7-heightmap
[1.156s] -- Looking for gz-common5 -- found version 5.6.0
[1.157s] -- Searching for <gz-physics7> component [mesh]
[1.157s] -- Looking for gz-physics7-mesh -- found version 7.3.0
[1.157s] -- Searching for dependencies of gz-physics7-mesh
[1.157s] -- Looking for gz-common5 -- found version 5.6.0
[1.158s] -- Searching for <gz-physics7> component [sdf]
[1.158s] -- Looking for gz-physics7-sdf -- found version 7.3.0
[1.158s] -- Searching for dependencies of gz-physics7-sdf
[1.159s] -- Looking for sdformat14 -- found version 14.4.0
[1.159s] -- Looking for gz-sensors8 -- found version 8.2.0
[1.159s] -- Searching for dependencies of gz-sensors8
[1.174s] -- Looking for gz-math7 -- found version 7.5.0
[1.174s] -- Looking for gz-common5 -- found version 5.6.0
[1.175s] -- Looking for gz-transport13 -- found version 13.4.0
[1.175s] -- Looking for gz-rendering8 -- found version 8.2.0
[1.176s] -- Looking for gz-msgs10 -- found version 10.3.0
[1.176s] -- Looking for sdformat14 -- found version 14.4.0
[1.177s] -- Searching for <gz-sensors8> component [air_pressure]
[1.177s] -- Looking for gz-sensors8-air_pressure -- found version 8.2.0
[1.177s] -- Searching for dependencies of gz-sensors8-air_pressure
[1.178s] -- Searching for <gz-sensors8> component [air_speed]
[1.178s] -- Looking for gz-sensors8-air_speed -- found version 8.2.0
[1.179s] -- Searching for dependencies of gz-sensors8-air_speed
[1.179s] -- Searching for <gz-sensors8> component [altimeter]
[1.180s] -- Looking for gz-sensors8-altimeter -- found version 8.2.0
[1.180s] -- Searching for dependencies of gz-sensors8-altimeter
[1.181s] -- Searching for <gz-sensors8> component [imu]
[1.182s] -- Looking for gz-sensors8-imu -- found version 8.2.0
[1.182s] -- Searching for dependencies of gz-sensors8-imu
[1.183s] -- Searching for <gz-sensors8> component [force_torque]
[1.183s] -- Looking for gz-sensors8-force_torque -- found version 8.2.0
[1.183s] -- Searching for dependencies of gz-sensors8-force_torque
[1.184s] -- Searching for <gz-sensors8> component [logical_camera]
[1.184s] -- Looking for gz-sensors8-logical_camera -- found version 8.2.0
[1.185s] -- Searching for dependencies of gz-sensors8-logical_camera
[1.185s] -- Searching for <gz-sensors8> component [magnetometer]
[1.185s] -- Looking for gz-sensors8-magnetometer -- found version 8.2.0
[1.186s] -- Searching for dependencies of gz-sensors8-magnetometer
[1.187s] -- Searching for <gz-sensors8> component [navsat]
[1.187s] -- Looking for gz-sensors8-navsat -- found version 8.2.0
[1.187s] -- Searching for dependencies of gz-sensors8-navsat
[1.188s] -- Searching for <gz-sensors8> component [dvl]
[1.188s] -- Looking for gz-sensors8-dvl -- found version 8.2.0
[1.189s] -- Searching for dependencies of gz-sensors8-dvl
[1.189s] -- Looking for gz-sensors8 -- found version 8.2.0
[1.190s] -- Searching for dependencies of gz-sensors8
[1.207s] -- Looking for gz-math7 -- found version 7.5.0
[1.207s] -- Looking for gz-common5 -- found version 5.6.0
[1.207s] -- Looking for gz-transport13 -- found version 13.4.0
[1.207s] -- Looking for gz-rendering8 -- found version 8.2.0
[1.208s] -- Looking for gz-msgs10 -- found version 10.3.0
[1.208s] -- Looking for sdformat14 -- found version 14.4.0
[1.208s] -- Searching for <gz-sensors8> component [rendering]
[1.208s] -- Looking for gz-sensors8-rendering -- found version 8.2.0
[1.209s] -- Searching for dependencies of gz-sensors8-rendering
[1.209s] -- Searching for <gz-sensors8> component [rendering]
[1.210s] -- Searching for <gz-sensors8> component [lidar]
[1.210s] -- Looking for gz-sensors8-lidar -- found version 8.2.0
[1.210s] -- Searching for dependencies of gz-sensors8-lidar
[1.210s] -- Looking for gz-sensors8 -- found version 8.2.0
[1.211s] -- Searching for <gz-sensors8> component [gpu_lidar]
[1.211s] -- Looking for gz-sensors8-gpu_lidar -- found version 8.2.0
[1.211s] -- Searching for dependencies of gz-sensors8-gpu_lidar
[1.212s] -- Looking for gz-sensors8 -- found version 8.2.0
[1.212s] -- Searching for <gz-sensors8> component [camera]
[1.212s] -- Looking for gz-sensors8-camera -- found version 8.2.0
[1.212s] -- Searching for dependencies of gz-sensors8-camera
[1.213s] -- Looking for gz-sensors8 -- found version 8.2.0
[1.213s] -- Searching for <gz-sensors8> component [boundingbox_camera]
[1.213s] -- Looking for gz-sensors8-boundingbox_camera -- found version 8.2.0
[1.213s] -- Searching for dependencies of gz-sensors8-boundingbox_camera
[1.214s] -- Searching for <gz-sensors8> component [segmentation_camera]
[1.214s] -- Looking for gz-sensors8-segmentation_camera -- found version 8.2.0
[1.214s] -- Searching for dependencies of gz-sensors8-segmentation_camera
[1.214s] -- Searching for <gz-sensors8> component [depth_camera]
[1.215s] -- Looking for gz-sensors8-depth_camera -- found version 8.2.0
[1.215s] -- Searching for dependencies of gz-sensors8-depth_camera
[1.215s] -- Looking for gz-sensors8 -- found version 8.2.0
[1.216s] -- Searching for <gz-sensors8> component [rgbd_camera]
[1.216s] -- Looking for gz-sensors8-rgbd_camera -- found version 8.2.0
[1.216s] -- Searching for dependencies of gz-sensors8-rgbd_camera
[1.216s] -- Looking for gz-sensors8 -- found version 8.2.0
[1.217s] -- Searching for <gz-sensors8> component [thermal_camera]
[1.217s] -- Looking for gz-sensors8-thermal_camera -- found version 8.2.0
[1.217s] -- Searching for dependencies of gz-sensors8-thermal_camera
[1.217s] -- Looking for gz-sensors8 -- found version 8.2.0
[1.218s] -- Searching for <gz-sensors8> component [wide_angle_camera]
[1.218s] -- Looking for gz-sensors8-wide_angle_camera -- found version 8.2.0
[1.218s] -- Searching for dependencies of gz-sensors8-wide_angle_camera
[1.219s] -- Looking for gz-rendering8 -- found version 8.2.0
[1.219s] -- Looking for gz-math7 -- found version 7.5.0
[1.220s] -- Looking for gz-utils2 -- found version 2.2.0
[1.236s] -- Looking for gz-common5 -- found version 5.6.0
[1.237s] -- Looking for gz-math7 -- found version 7.5.0
[1.238s] -- Looking for gz-msgs10 -- found version 10.3.0
[1.238s] -- Looking for gz-transport13 -- found version 13.4.0
[1.239s] -- Looking for gz-plugin2 -- found version 2.0.3
[1.239s] -- Looking for gz-rendering8 -- found version 8.2.0
[1.240s] -- Looking for gz-sensors8 -- found version 8.2.0
[1.240s] -- Looking for gz-utils2 -- found version 2.2.0
[1.241s] -- Looking for sdformat14 -- found version 14.4.0
[1.241s] -- Configuring done
[1.256s] -- Generating done
[1.257s] -- Build files have been written to: /home/keikei/project_landing/plugin/build/plugin
[1.290s] [35m[1mConsolidate compiler generated dependencies of target Waves[0m
[1.315s] [ 25%] Built target Waves
[1.332s] [35m[1mConsolidate compiler generated dependencies of target PublisherPlugin[0m
[1.356s] [ 50%] Built target PublisherPlugin
[1.373s] [35m[1mConsolidate compiler generated dependencies of target Surface[0m
[1.398s] [ 75%] Built target Surface
[1.413s] [35m[1mConsolidate compiler generated dependencies of target WaveVisual[0m
[1.425s] [100%] Built target WaveVisual
[1.435s] Invoked command in '/home/keikei/project_landing/plugin/build/plugin' returned '0': /usr/bin/cmake --build /home/keikei/project_landing/plugin/build/plugin
[1.500s] Invoking command in '/home/keikei/project_landing/plugin/build/plugin': /usr/bin/cmake --install /home/keikei/project_landing/plugin/build/plugin
[1.509s] -- Install configuration: ""
[1.509s] -- Up-to-date: /home/keikei/project_landing/plugin/install/lib/libWaves.so
[1.509s] -- Up-to-date: /home/keikei/project_landing/plugin/install/lib/libPublisherPlugin.so
[1.510s] -- Up-to-date: /home/keikei/project_landing/plugin/install/lib/libSurface.so
[1.510s] -- Up-to-date: /home/keikei/project_landing/plugin/install/lib/libWaveVisual.so
[1.511s] Invoked command in '/home/keikei/project_landing/plugin/build/plugin' returned '0': /usr/bin/cmake --install /home/keikei/project_landing/plugin/build/plugin
